<?xml version="1.0" encoding="UTF-8"?>
<!-- Generated by org.testng.reporters.JUnitReportReporter -->
<testsuite hostname="BANLSREYASJ" failures="0" tests="2" name="tests.GetandPostExamples" time="3.473" errors="0" timestamp="2021-04-06T21:18:26 IST" skipped="0">
  <testcase classname="tests.GetandPostExamples" name="testGet" time="2.727"/>
  <system-out/>
  <testcase classname="tests.GetandPostExamples" name="testPost" time="0.746"/>
  <system-out/>
</testsuite> <!-- tests.GetandPostExamples -->
