<?xml version="1.0" encoding="UTF-8"?>
<!-- Generated by org.testng.reporters.JUnitReportReporter -->
<testsuite hostname="BANLSREYASJ" failures="0" tests="2" name="tests.TestsExample" time="3.644" errors="0" timestamp="2021-04-06T20:58:59 IST" skipped="0">
  <testcase classname="tests.TestsExample" name="test_1" time="2.438"/>
  <system-out/>
  <testcase classname="tests.TestsExample" name="test_2" time="1.206"/>
  <system-out/>
</testsuite> <!-- tests.TestsExample -->
