<?xml version="1.0" encoding="UTF-8"?>
<!-- Generated by org.testng.reporters.JUnitReportReporter -->
<testsuite hostname="BANLSREYASJ" failures="0" tests="3" name="tests.PutPatchandDeleteExamples" time="4.114" errors="0" timestamp="2021-04-06T21:29:10 IST" skipped="0">
  <testcase classname="tests.PutPatchandDeleteExamples" name="testPatch" time="0.873"/>
  <system-out/>
  <testcase classname="tests.PutPatchandDeleteExamples" name="testPut" time="0.686"/>
  <system-out/>
  <testcase classname="tests.PutPatchandDeleteExamples" name="testDelete" time="2.555"/>
  <system-out/>
</testsuite> <!-- tests.PutPatchandDeleteExamples -->
